MisLugares/app/build/intermediates/manifest_merge_blame_file/debug/manifest-merger-blame-debug-report.txt
1<?xml version="1.0" encoding="utf-8"?>
2<manifest xmlns:android="http://schemas.android.com/apk/res/android"
3    package="com.example.mislugaresprueba"
4    android:versionCode="1"
5    android:versionName="1.0" >
6
7    <uses-sdk
8        android:minSdkVersion="21"
8-->src\main\AndroidManifest.xml
9        android:targetSdkVersion="31" />
9-->src\main\AndroidManifest.xml
10
11    <application
11-->src\main\AndroidManifest.xml:5:5-28:19
12        android:name="com.example.mislugaresprueba.Aplicacion"
12-->src\main\AndroidManifest.xml:6:9-34
13        android:allowBackup="true"
13-->src\main\AndroidManifest.xml:7:9-35
14        android:appComponentFactory="androidx.core.app.CoreComponentFactory"
14-->[androidx.core:core:1.5.0] AndroidManifest.xml:24:18-86
15        android:debuggable="true"
16        android:icon="@mipmap/ic_launcher"
16-->src\main\AndroidManifest.xml:8:9-43
17        android:label="@string/app_name"
17-->src\main\AndroidManifest.xml:9:9-41
18        android:roundIcon="@mipmap/ic_launcher_round"
18-->src\main\AndroidManifest.xml:10:9-54
19        android:supportsRtl="true"
19-->src\main\AndroidManifest.xml:11:9-35
20        android:testOnly="true"
21        android:theme="@style/Theme.MisLugaresPrueba" >
21-->src\main\AndroidManifest.xml:12:9-54
22        <activity
22-->src\main\AndroidManifest.xml:13:9-23:20
23            android:name="com.example.mislugaresprueba.MainActivity"
23-->src\main\AndroidManifest.xml:14:13-41
24            android:exported="true"
24-->src\main\AndroidManifest.xml:15:13-36
25            android:label="@string/app_name"
25-->src\main\AndroidManifest.xml:16:13-45
26            android:theme="@style/Theme.MisLugaresPrueba.NoActionBar" >
26-->src\main\AndroidManifest.xml:17:13-70
27            <intent-filter>
27-->src\main\AndroidManifest.xml:18:13-22:29
28                <action android:name="android.intent.action.MAIN" />
28-->src\main\AndroidManifest.xml:19:17-69
28-->src\main\AndroidManifest.xml:19:25-66
29
30                <category android:name="android.intent.category.LAUNCHER" />
30-->src\main\AndroidManifest.xml:21:17-77
30-->src\main\AndroidManifest.xml:21:27-74
31            </intent-filter>
32        </activity>
33        <activity
33-->src\main\AndroidManifest.xml:24:9-26:69
34            android:name="com.example.mislugaresprueba.AcercaDeActivity"
34-->src\main\AndroidManifest.xml:24:19-51
35            android:label="Acerca de ..."
35-->src\main\AndroidManifest.xml:25:13-42
36            android:theme="@style/Theme.AppCompat.DayNight.Dialog" />
36-->src\main\AndroidManifest.xml:26:13-67
37        <activity android:name="com.example.mislugaresprueba.VistaLugarActivity" />
37-->src\main\AndroidManifest.xml:27:9-55
37-->src\main\AndroidManifest.xml:27:19-53
38    </application>
39
40</manifest>